[debug] [2021-03-16T02:32:35.351Z] ----------------------------------------------------------------------
[debug] [2021-03-16T02:32:35.354Z] Command:       /usr/local/bin/node /usr/local/bin/firebase emulators:start
[debug] [2021-03-16T02:32:35.354Z] CLI Version:   9.6.1
[debug] [2021-03-16T02:32:35.354Z] Platform:      darwin
[debug] [2021-03-16T02:32:35.354Z] Node Version:  v14.15.1
[debug] [2021-03-16T02:32:35.356Z] Time:          Mon Mar 15 2021 19:32:35 GMT-0700 (Mountain Standard Time)
[debug] [2021-03-16T02:32:35.356Z] ----------------------------------------------------------------------
[debug] [2021-03-16T02:32:35.356Z] 
[debug] [2021-03-16T02:32:35.371Z] > command requires scopes: ["email","openid","https://www.googleapis.com/auth/cloudplatformprojects.readonly","https://www.googleapis.com/auth/firebase","https://www.googleapis.com/auth/cloud-platform"]
[debug] [2021-03-16T02:32:35.372Z] > authorizing via signed-in user
[info] i  emulators: Starting emulators: functions, hosting {"metadata":{"emulator":{"name":"hub"},"message":"Starting emulators: functions, hosting"}}
[debug] [2021-03-16T02:32:35.447Z] [hub] writing locator at /var/folders/wd/34pj6_757ms3104npx7jly3m0000gp/T/hub-clone-596ae.json
[warn] ⚠  functions: The following emulators are not running, calls to these services from the Functions emulator will affect production: auth, firestore, database, pubsub {"metadata":{"emulator":{"name":"functions"},"message":"The following emulators are not running, calls to these services from the Functions emulator will affect production: \u001b[1mauth, firestore, database, pubsub\u001b[22m"}}
[warn] ⚠  Your requested "node" version "12" doesn't match your global version "14" {"metadata":{"emulator":{"name":"functions"},"message":"Your requested \"node\" version \"12\" doesn't match your global version \"14\""}}
[debug] [2021-03-16T02:32:35.492Z] defaultcredentials: writing to file /Users/bryanroof/.config/firebase/broof716_gmail_com_application_default_credentials.json
[debug] [2021-03-16T02:32:35.501Z] Setting GAC to /Users/bryanroof/.config/firebase/broof716_gmail_com_application_default_credentials.json {"metadata":{"emulator":{"name":"functions"},"message":"Setting GAC to /Users/bryanroof/.config/firebase/broof716_gmail_com_application_default_credentials.json"}}
[debug] [2021-03-16T02:32:35.503Z] > refreshing access token with scopes: []
[debug] [2021-03-16T02:32:35.504Z] >>> HTTP REQUEST POST https://www.googleapis.com/oauth2/v3/token  
 <request body omitted>
[debug] [2021-03-16T02:32:35.710Z] <<< HTTP RESPONSE 200 {"cache-control":"no-cache, no-store, max-age=0, must-revalidate","expires":"Mon, 01 Jan 1990 00:00:00 GMT","pragma":"no-cache","date":"Tue, 16 Mar 2021 02:32:37 GMT","content-type":"application/json; charset=utf-8","vary":"X-Origin, Referer, Origin,Accept-Encoding","server":"scaffolding on HTTPServer2","x-xss-protection":"0","x-frame-options":"SAMEORIGIN","x-content-type-options":"nosniff","alt-svc":"h3-29=\":443\"; ma=2592000,h3-T051=\":443\"; ma=2592000,h3-Q050=\":443\"; ma=2592000,h3-Q046=\":443\"; ma=2592000,h3-Q043=\":443\"; ma=2592000,quic=\":443\"; ma=2592000; v=\"46,43\"","accept-ranges":"none","transfer-encoding":"chunked"}
[debug] [2021-03-16T02:32:35.733Z] >>> [apiv2][query] GET https://firebase.googleapis.com/v1beta1/projects/clone-596ae/adminSdkConfig [none]
[debug] [2021-03-16T02:32:36.102Z] <<< [apiv2][status] GET https://firebase.googleapis.com/v1beta1/projects/clone-596ae/adminSdkConfig 200
[debug] [2021-03-16T02:32:36.102Z] <<< [apiv2][body] GET https://firebase.googleapis.com/v1beta1/projects/clone-596ae/adminSdkConfig {"projectId":"clone-596ae","storageBucket":"clone-596ae.appspot.com"}
[debug] [2021-03-16T02:32:36.154Z] >>> [apiv2][query] GET https://firebase.googleapis.com/v1beta1/projects/clone-596ae/webApps/-/config [none]
[debug] [2021-03-16T02:32:36.779Z] <<< [apiv2][status] GET https://firebase.googleapis.com/v1beta1/projects/clone-596ae/webApps/-/config 200
[debug] [2021-03-16T02:32:36.779Z] <<< [apiv2][body] GET https://firebase.googleapis.com/v1beta1/projects/clone-596ae/webApps/-/config {"projectId":"clone-596ae","appId":"1:150357231932:web:00b906b90fc4e6e6303639","storageBucket":"clone-596ae.appspot.com","apiKey":"AIzaSyB7dyiZmj7lMOeeO97yutQgvKQfSrdUYKg","authDomain":"clone-596ae.firebaseapp.com","messagingSenderId":"150357231932","measurementId":"G-Q6276D1904"}
[info] i  hosting: Serving hosting files from: build {"metadata":{"emulator":{"name":"hosting"},"message":"Serving hosting files from: \u001b[1mbuild\u001b[22m"}}
[info] ✔  hosting: Local server: http://localhost:5000 {"metadata":{"emulator":{"name":"hosting"},"message":"Local server: \u001b[4m\u001b[1mhttp://localhost:5000\u001b[22m\u001b[24m"}}
[info] i  ui: downloading ui-v1.4.2.zip... {"metadata":{"emulator":{"name":"ui"},"message":"downloading ui-v1.4.2.zip..."}}
[debug] [2021-03-16T02:32:37.102Z] >>> [apiv2][query] GET https://storage.googleapis.com/firebase-preview-drop/emulator/ui-v1.4.2.zip [none]
[debug] [2021-03-16T02:32:37.252Z] <<< [apiv2][status] GET https://storage.googleapis.com/firebase-preview-drop/emulator/ui-v1.4.2.zip 200
[debug] [2021-03-16T02:32:37.252Z] <<< [apiv2][body] GET https://storage.googleapis.com/firebase-preview-drop/emulator/ui-v1.4.2.zip [stream]
[debug] [2021-03-16T02:32:37.868Z] Ignoring unsupported arg: auto_download {"metadata":{"emulator":{"name":"ui"},"message":"Ignoring unsupported arg: auto_download"}}
[debug] [2021-03-16T02:32:37.869Z] Ignoring unsupported arg: port {"metadata":{"emulator":{"name":"ui"},"message":"Ignoring unsupported arg: port"}}
[debug] [2021-03-16T02:32:37.869Z] Starting Emulator UI with command {"binary":"node","args":["/Users/bryanroof/.cache/firebase/emulators/ui-v1.4.2/server.bundle.js"],"optionalArgs":[],"joinArgs":false} {"metadata":{"emulator":{"name":"ui"},"message":"Starting Emulator UI with command {\"binary\":\"node\",\"args\":[\"/Users/bryanroof/.cache/firebase/emulators/ui-v1.4.2/server.bundle.js\"],\"optionalArgs\":[],\"joinArgs\":false}"}}
[info] i  ui: Emulator UI logging to ui-debug.log {"metadata":{"emulator":{"name":"ui"},"message":"Emulator UI logging to \u001b[1mui-debug.log\u001b[22m"}}
[debug] [2021-03-16T02:32:38.019Z] Web / API server started at http://localhost:4000
 {"metadata":{"emulator":{"name":"ui"},"message":"Web / API server started at http://localhost:4000\n"}}
[info] i  functions: Watching "/Users/bryanroof/amazon-clone/functions" for Cloud Functions... {"metadata":{"emulator":{"name":"functions"},"message":"Watching \"/Users/bryanroof/amazon-clone/functions\" for Cloud Functions..."}}
[debug] [2021-03-16T02:32:38.166Z] [worker-pool] addWorker(~diagnostic~) {"metadata":{"emulator":{"name":"functions"},"message":"[worker-pool] addWorker(~diagnostic~)"}}
[debug] [2021-03-16T02:32:38.167Z] [worker-pool] Adding worker with key ~diagnostic~, total=1 {"metadata":{"emulator":{"name":"functions"},"message":"[worker-pool] Adding worker with key ~diagnostic~, total=1"}}
[debug] [2021-03-16T02:32:38.167Z] [worker-pool] submitWork(triggerId=) {"metadata":{"emulator":{"name":"functions"},"message":"[worker-pool] submitWork(triggerId=)"}}
[debug] [2021-03-16T02:32:38.168Z] [worker-~diagnostic~-801374a6-b5ca-41d0-b539-31d486e116ea]: Assigning socketPath: /var/folders/wd/34pj6_757ms3104npx7jly3m0000gp/T/fire_emu_24644.sock {"metadata":{"emulator":{"name":"functions"},"message":"[worker-~diagnostic~-801374a6-b5ca-41d0-b539-31d486e116ea]: Assigning socketPath: /var/folders/wd/34pj6_757ms3104npx7jly3m0000gp/T/fire_emu_24644.sock"}}
[debug] [2021-03-16T02:32:38.168Z] [worker-~diagnostic~-801374a6-b5ca-41d0-b539-31d486e116ea]: BUSY {"metadata":{"emulator":{"name":"functions"},"message":"[worker-~diagnostic~-801374a6-b5ca-41d0-b539-31d486e116ea]: BUSY"}}
[debug] [2021-03-16T02:32:38.675Z] [runtime-status] [24644] Functions runtime initialized. {"cwd":"/Users/bryanroof/amazon-clone/functions","node_version":"14.15.1"} {"metadata":{"emulator":{"name":"functions"},"message":"[runtime-status] [24644] Functions runtime initialized. {\"cwd\":\"/Users/bryanroof/amazon-clone/functions\",\"node_version\":\"14.15.1\"}"}}
[debug] [2021-03-16T02:32:38.677Z] [runtime-status] [24644] Disabled runtime features: undefined {"metadata":{"emulator":{"name":"functions"},"message":"[runtime-status] [24644] Disabled runtime features: undefined"}}
[debug] [2021-03-16T02:32:38.682Z] [runtime-status] [24644] Resolved module firebase-admin {"declared":true,"installed":true,"version":"9.5.0","resolution":"/Users/bryanroof/amazon-clone/functions/node_modules/firebase-admin/lib/index.js"} {"metadata":{"emulator":{"name":"functions"},"message":"[runtime-status] [24644] Resolved module firebase-admin {\"declared\":true,\"installed\":true,\"version\":\"9.5.0\",\"resolution\":\"/Users/bryanroof/amazon-clone/functions/node_modules/firebase-admin/lib/index.js\"}"}}
[debug] [2021-03-16T02:32:38.688Z] [runtime-status] [24644] Resolved module firebase-functions {"declared":true,"installed":true,"version":"3.13.2","resolution":"/Users/bryanroof/amazon-clone/functions/node_modules/firebase-functions/lib/index.js"} {"metadata":{"emulator":{"name":"functions"},"message":"[runtime-status] [24644] Resolved module firebase-functions {\"declared\":true,\"installed\":true,\"version\":\"3.13.2\",\"resolution\":\"/Users/bryanroof/amazon-clone/functions/node_modules/firebase-functions/lib/index.js\"}"}}
[debug] [2021-03-16T02:32:38.691Z] [runtime-status] [24644] Resolved module firebase-functions {"declared":true,"installed":true,"version":"3.13.2","resolution":"/Users/bryanroof/amazon-clone/functions/node_modules/firebase-functions/lib/index.js"} {"metadata":{"emulator":{"name":"functions"},"message":"[runtime-status] [24644] Resolved module firebase-functions {\"declared\":true,\"installed\":true,\"version\":\"3.13.2\",\"resolution\":\"/Users/bryanroof/amazon-clone/functions/node_modules/firebase-functions/lib/index.js\"}"}}
[debug] [2021-03-16T02:32:38.696Z] [runtime-status] [24644] Outgoing network have been stubbed. [{"name":"http","status":"mocked"},{"name":"http","status":"mocked"},{"name":"https","status":"mocked"},{"name":"https","status":"mocked"},{"name":"net","status":"mocked"}] {"metadata":{"emulator":{"name":"functions"},"message":"[runtime-status] [24644] Outgoing network have been stubbed. [{\"name\":\"http\",\"status\":\"mocked\"},{\"name\":\"http\",\"status\":\"mocked\"},{\"name\":\"https\",\"status\":\"mocked\"},{\"name\":\"https\",\"status\":\"mocked\"},{\"name\":\"net\",\"status\":\"mocked\"}]"}}
[debug] [2021-03-16T02:32:38.696Z] [runtime-status] [24644] Resolved module firebase-functions {"declared":true,"installed":true,"version":"3.13.2","resolution":"/Users/bryanroof/amazon-clone/functions/node_modules/firebase-functions/lib/index.js"} {"metadata":{"emulator":{"name":"functions"},"message":"[runtime-status] [24644] Resolved module firebase-functions {\"declared\":true,\"installed\":true,\"version\":\"3.13.2\",\"resolution\":\"/Users/bryanroof/amazon-clone/functions/node_modules/firebase-functions/lib/index.js\"}"}}
[debug] [2021-03-16T02:32:38.830Z] [runtime-status] [24644] Checked functions.config() {"config":{}} {"metadata":{"emulator":{"name":"functions"},"message":"[runtime-status] [24644] Checked functions.config() {\"config\":{}}"}}
[debug] [2021-03-16T02:32:38.831Z] [runtime-status] [24644] firebase-functions has been stubbed. {"functionsResolution":{"declared":true,"installed":true,"version":"3.13.2","resolution":"/Users/bryanroof/amazon-clone/functions/node_modules/firebase-functions/lib/index.js"}} {"metadata":{"emulator":{"name":"functions"},"message":"[runtime-status] [24644] firebase-functions has been stubbed. {\"functionsResolution\":{\"declared\":true,\"installed\":true,\"version\":\"3.13.2\",\"resolution\":\"/Users/bryanroof/amazon-clone/functions/node_modules/firebase-functions/lib/index.js\"}}"}}
[debug] [2021-03-16T02:32:38.832Z] [runtime-status] [24644] Resolved module firebase-functions {"declared":true,"installed":true,"version":"3.13.2","resolution":"/Users/bryanroof/amazon-clone/functions/node_modules/firebase-functions/lib/index.js"} {"metadata":{"emulator":{"name":"functions"},"message":"[runtime-status] [24644] Resolved module firebase-functions {\"declared\":true,\"installed\":true,\"version\":\"3.13.2\",\"resolution\":\"/Users/bryanroof/amazon-clone/functions/node_modules/firebase-functions/lib/index.js\"}"}}
[debug] [2021-03-16T02:32:38.833Z] [runtime-status] [24644] Resolved module firebase-admin {"declared":true,"installed":true,"version":"9.5.0","resolution":"/Users/bryanroof/amazon-clone/functions/node_modules/firebase-admin/lib/index.js"} {"metadata":{"emulator":{"name":"functions"},"message":"[runtime-status] [24644] Resolved module firebase-admin {\"declared\":true,\"installed\":true,\"version\":\"9.5.0\",\"resolution\":\"/Users/bryanroof/amazon-clone/functions/node_modules/firebase-admin/lib/index.js\"}"}}
[debug] [2021-03-16T02:32:38.834Z] [runtime-status] [24644] Resolved module firebase-functions {"declared":true,"installed":true,"version":"3.13.2","resolution":"/Users/bryanroof/amazon-clone/functions/node_modules/firebase-functions/lib/index.js"} {"metadata":{"emulator":{"name":"functions"},"message":"[runtime-status] [24644] Resolved module firebase-functions {\"declared\":true,\"installed\":true,\"version\":\"3.13.2\",\"resolution\":\"/Users/bryanroof/amazon-clone/functions/node_modules/firebase-functions/lib/index.js\"}"}}
[debug] [2021-03-16T02:32:38.834Z] [runtime-status] [24644] firebase-admin has been stubbed. {"adminResolution":{"declared":true,"installed":true,"version":"9.5.0","resolution":"/Users/bryanroof/amazon-clone/functions/node_modules/firebase-admin/lib/index.js"}} {"metadata":{"emulator":{"name":"functions"},"message":"[runtime-status] [24644] firebase-admin has been stubbed. {\"adminResolution\":{\"declared\":true,\"installed\":true,\"version\":\"9.5.0\",\"resolution\":\"/Users/bryanroof/amazon-clone/functions/node_modules/firebase-admin/lib/index.js\"}}"}}
[info] ✔  functions[api]: http function initialized (http://localhost:5001/clone-596ae/us-central1/api). {"metadata":{"emulator":{"name":"functions"},"message":"\u001b[1mhttp\u001b[22m function initialized (http://localhost:5001/clone-596ae/us-central1/api)."}}
[info] 
┌─────────────────────────────────────────────────────────────┐
│ ✔  All emulators ready! It is now safe to connect your app. │
│ i  View Emulator UI at http://localhost:4000                │
└─────────────────────────────────────────────────────────────┘

┌───────────┬────────────────┬─────────────────────────────────┐
│ Emulator  │ Host:Port      │ View in Emulator UI             │
├───────────┼────────────────┼─────────────────────────────────┤
│ Functions │ localhost:5001 │ http://localhost:4000/functions │
├───────────┼────────────────┼─────────────────────────────────┤
│ Hosting   │ localhost:5000 │ n/a                             │
└───────────┴────────────────┴─────────────────────────────────┘
  Emulator Hub running at localhost:4400
  Other reserved ports: 4500

Issues? Report them at https://github.com/firebase/firebase-tools/issues and attach the *-debug.log files.
 
[debug] [2021-03-16T02:32:39.364Z] [worker-~diagnostic~-801374a6-b5ca-41d0-b539-31d486e116ea]: IDLE {"metadata":{"emulator":{"name":"functions"},"message":"[worker-~diagnostic~-801374a6-b5ca-41d0-b539-31d486e116ea]: IDLE"}}
[debug] [2021-03-16T02:34:50.597Z] File /Users/bryanroof/amazon-clone/functions/index.js changed, reloading triggers {"metadata":{"emulator":{"name":"functions"},"message":"File /Users/bryanroof/amazon-clone/functions/index.js changed, reloading triggers"}}
[debug] [2021-03-16T02:34:51.605Z] [worker-pool] Shutting down IDLE worker (~diagnostic~) {"metadata":{"emulator":{"name":"functions"},"message":"[worker-pool] Shutting down IDLE worker (~diagnostic~)"}}
[debug] [2021-03-16T02:34:51.605Z] [worker-~diagnostic~-801374a6-b5ca-41d0-b539-31d486e116ea]: FINISHING {"metadata":{"emulator":{"name":"functions"},"message":"[worker-~diagnostic~-801374a6-b5ca-41d0-b539-31d486e116ea]: FINISHING"}}
[debug] [2021-03-16T02:34:51.615Z] [worker-pool] addWorker(~diagnostic~) {"metadata":{"emulator":{"name":"functions"},"message":"[worker-pool] addWorker(~diagnostic~)"}}
[debug] [2021-03-16T02:34:51.616Z] [worker-pool] Adding worker with key ~diagnostic~, total=2 {"metadata":{"emulator":{"name":"functions"},"message":"[worker-pool] Adding worker with key ~diagnostic~, total=2"}}
[debug] [2021-03-16T02:34:51.616Z] [worker-pool] submitWork(triggerId=) {"metadata":{"emulator":{"name":"functions"},"message":"[worker-pool] submitWork(triggerId=)"}}
[debug] [2021-03-16T02:34:51.616Z] [worker-~diagnostic~-38ed4ed6-4bfe-43df-bb7a-71fded8a3a74]: Assigning socketPath: /var/folders/wd/34pj6_757ms3104npx7jly3m0000gp/T/fire_emu_24659.sock {"metadata":{"emulator":{"name":"functions"},"message":"[worker-~diagnostic~-38ed4ed6-4bfe-43df-bb7a-71fded8a3a74]: Assigning socketPath: /var/folders/wd/34pj6_757ms3104npx7jly3m0000gp/T/fire_emu_24659.sock"}}
[debug] [2021-03-16T02:34:51.616Z] [worker-~diagnostic~-38ed4ed6-4bfe-43df-bb7a-71fded8a3a74]: BUSY {"metadata":{"emulator":{"name":"functions"},"message":"[worker-~diagnostic~-38ed4ed6-4bfe-43df-bb7a-71fded8a3a74]: BUSY"}}
[debug] [2021-03-16T02:34:51.619Z] [worker-~diagnostic~-801374a6-b5ca-41d0-b539-31d486e116ea]: exited {"metadata":{"emulator":{"name":"functions"},"message":"[worker-~diagnostic~-801374a6-b5ca-41d0-b539-31d486e116ea]: exited"}}
[debug] [2021-03-16T02:34:51.619Z] [worker-~diagnostic~-801374a6-b5ca-41d0-b539-31d486e116ea]: FINISHED {"metadata":{"emulator":{"name":"functions"},"message":"[worker-~diagnostic~-801374a6-b5ca-41d0-b539-31d486e116ea]: FINISHED"}}
[debug] [2021-03-16T02:34:52.074Z] [runtime-status] [24659] Functions runtime initialized. {"cwd":"/Users/bryanroof/amazon-clone/functions","node_version":"14.15.1"} {"metadata":{"emulator":{"name":"functions"},"message":"[runtime-status] [24659] Functions runtime initialized. {\"cwd\":\"/Users/bryanroof/amazon-clone/functions\",\"node_version\":\"14.15.1\"}"}}
[debug] [2021-03-16T02:34:52.075Z] [runtime-status] [24659] Disabled runtime features: undefined {"metadata":{"emulator":{"name":"functions"},"message":"[runtime-status] [24659] Disabled runtime features: undefined"}}
[debug] [2021-03-16T02:34:52.080Z] [runtime-status] [24659] Resolved module firebase-admin {"declared":true,"installed":true,"version":"9.5.0","resolution":"/Users/bryanroof/amazon-clone/functions/node_modules/firebase-admin/lib/index.js"} {"metadata":{"emulator":{"name":"functions"},"message":"[runtime-status] [24659] Resolved module firebase-admin {\"declared\":true,\"installed\":true,\"version\":\"9.5.0\",\"resolution\":\"/Users/bryanroof/amazon-clone/functions/node_modules/firebase-admin/lib/index.js\"}"}}
[debug] [2021-03-16T02:34:52.082Z] [runtime-status] [24659] Resolved module firebase-functions {"declared":true,"installed":true,"version":"3.13.2","resolution":"/Users/bryanroof/amazon-clone/functions/node_modules/firebase-functions/lib/index.js"} {"metadata":{"emulator":{"name":"functions"},"message":"[runtime-status] [24659] Resolved module firebase-functions {\"declared\":true,\"installed\":true,\"version\":\"3.13.2\",\"resolution\":\"/Users/bryanroof/amazon-clone/functions/node_modules/firebase-functions/lib/index.js\"}"}}
[debug] [2021-03-16T02:34:52.086Z] [runtime-status] [24659] Resolved module firebase-functions {"declared":true,"installed":true,"version":"3.13.2","resolution":"/Users/bryanroof/amazon-clone/functions/node_modules/firebase-functions/lib/index.js"} {"metadata":{"emulator":{"name":"functions"},"message":"[runtime-status] [24659] Resolved module firebase-functions {\"declared\":true,\"installed\":true,\"version\":\"3.13.2\",\"resolution\":\"/Users/bryanroof/amazon-clone/functions/node_modules/firebase-functions/lib/index.js\"}"}}
[debug] [2021-03-16T02:34:52.087Z] [runtime-status] [24659] Outgoing network have been stubbed. [{"name":"http","status":"mocked"},{"name":"http","status":"mocked"},{"name":"https","status":"mocked"},{"name":"https","status":"mocked"},{"name":"net","status":"mocked"}] {"metadata":{"emulator":{"name":"functions"},"message":"[runtime-status] [24659] Outgoing network have been stubbed. [{\"name\":\"http\",\"status\":\"mocked\"},{\"name\":\"http\",\"status\":\"mocked\"},{\"name\":\"https\",\"status\":\"mocked\"},{\"name\":\"https\",\"status\":\"mocked\"},{\"name\":\"net\",\"status\":\"mocked\"}]"}}
[debug] [2021-03-16T02:34:52.089Z] [runtime-status] [24659] Resolved module firebase-functions {"declared":true,"installed":true,"version":"3.13.2","resolution":"/Users/bryanroof/amazon-clone/functions/node_modules/firebase-functions/lib/index.js"} {"metadata":{"emulator":{"name":"functions"},"message":"[runtime-status] [24659] Resolved module firebase-functions {\"declared\":true,\"installed\":true,\"version\":\"3.13.2\",\"resolution\":\"/Users/bryanroof/amazon-clone/functions/node_modules/firebase-functions/lib/index.js\"}"}}
[debug] [2021-03-16T02:34:52.202Z] [runtime-status] [24659] Checked functions.config() {"config":{}} {"metadata":{"emulator":{"name":"functions"},"message":"[runtime-status] [24659] Checked functions.config() {\"config\":{}}"}}
[debug] [2021-03-16T02:34:52.202Z] [runtime-status] [24659] firebase-functions has been stubbed. {"functionsResolution":{"declared":true,"installed":true,"version":"3.13.2","resolution":"/Users/bryanroof/amazon-clone/functions/node_modules/firebase-functions/lib/index.js"}} {"metadata":{"emulator":{"name":"functions"},"message":"[runtime-status] [24659] firebase-functions has been stubbed. {\"functionsResolution\":{\"declared\":true,\"installed\":true,\"version\":\"3.13.2\",\"resolution\":\"/Users/bryanroof/amazon-clone/functions/node_modules/firebase-functions/lib/index.js\"}}"}}
[debug] [2021-03-16T02:34:52.204Z] [runtime-status] [24659] Resolved module firebase-functions {"declared":true,"installed":true,"version":"3.13.2","resolution":"/Users/bryanroof/amazon-clone/functions/node_modules/firebase-functions/lib/index.js"} {"metadata":{"emulator":{"name":"functions"},"message":"[runtime-status] [24659] Resolved module firebase-functions {\"declared\":true,\"installed\":true,\"version\":\"3.13.2\",\"resolution\":\"/Users/bryanroof/amazon-clone/functions/node_modules/firebase-functions/lib/index.js\"}"}}
[debug] [2021-03-16T02:34:52.204Z] [runtime-status] [24659] Resolved module firebase-admin {"declared":true,"installed":true,"version":"9.5.0","resolution":"/Users/bryanroof/amazon-clone/functions/node_modules/firebase-admin/lib/index.js"} {"metadata":{"emulator":{"name":"functions"},"message":"[runtime-status] [24659] Resolved module firebase-admin {\"declared\":true,\"installed\":true,\"version\":\"9.5.0\",\"resolution\":\"/Users/bryanroof/amazon-clone/functions/node_modules/firebase-admin/lib/index.js\"}"}}
[debug] [2021-03-16T02:34:52.204Z] [runtime-status] [24659] Resolved module firebase-functions {"declared":true,"installed":true,"version":"3.13.2","resolution":"/Users/bryanroof/amazon-clone/functions/node_modules/firebase-functions/lib/index.js"} {"metadata":{"emulator":{"name":"functions"},"message":"[runtime-status] [24659] Resolved module firebase-functions {\"declared\":true,\"installed\":true,\"version\":\"3.13.2\",\"resolution\":\"/Users/bryanroof/amazon-clone/functions/node_modules/firebase-functions/lib/index.js\"}"}}
[debug] [2021-03-16T02:34:52.204Z] [runtime-status] [24659] firebase-admin has been stubbed. {"adminResolution":{"declared":true,"installed":true,"version":"9.5.0","resolution":"/Users/bryanroof/amazon-clone/functions/node_modules/firebase-admin/lib/index.js"}} {"metadata":{"emulator":{"name":"functions"},"message":"[runtime-status] [24659] firebase-admin has been stubbed. {\"adminResolution\":{\"declared\":true,\"installed\":true,\"version\":\"9.5.0\",\"resolution\":\"/Users/bryanroof/amazon-clone/functions/node_modules/firebase-admin/lib/index.js\"}}"}}
[debug] [2021-03-16T02:34:52.720Z] [worker-~diagnostic~-38ed4ed6-4bfe-43df-bb7a-71fded8a3a74]: IDLE {"metadata":{"emulator":{"name":"functions"},"message":"[worker-~diagnostic~-38ed4ed6-4bfe-43df-bb7a-71fded8a3a74]: IDLE"}}
[debug] [2021-03-16T02:35:34.543Z] [work-queue] {"queueLength":1,"workRunningCount":0}
[debug] [2021-03-16T02:35:34.544Z] [work-queue] {"queueLength":0,"workRunningCount":1}
[debug] [2021-03-16T02:35:34.545Z] Accepted request GET /clone-596ae/us-central1/api --> api
[debug] [2021-03-16T02:35:34.545Z] [worker-pool] Cleaned up workers for ~diagnostic~: 2 --> 1 {"metadata":{"emulator":{"name":"functions"},"message":"[worker-pool] Cleaned up workers for ~diagnostic~: 2 --> 1"}}
[debug] [2021-03-16T02:35:34.554Z] [worker-pool] addWorker(api) {"metadata":{"emulator":{"name":"functions"},"message":"[worker-pool] addWorker(api)"}}
[debug] [2021-03-16T02:35:34.554Z] [worker-pool] Adding worker with key api, total=1 {"metadata":{"emulator":{"name":"functions"},"message":"[worker-pool] Adding worker with key api, total=1"}}
[debug] [2021-03-16T02:35:34.554Z] [worker-pool] submitWork(triggerId=api) {"metadata":{"emulator":{"name":"functions"},"message":"[worker-pool] submitWork(triggerId=api)"}}
[debug] [2021-03-16T02:35:34.555Z] [worker-api-6858c13f-e9be-48c6-b77f-1f0c8da40e37]: Assigning socketPath: /var/folders/wd/34pj6_757ms3104npx7jly3m0000gp/T/fire_emu_24671.sock {"metadata":{"emulator":{"name":"functions"},"message":"[worker-api-6858c13f-e9be-48c6-b77f-1f0c8da40e37]: Assigning socketPath: /var/folders/wd/34pj6_757ms3104npx7jly3m0000gp/T/fire_emu_24671.sock"}}
[debug] [2021-03-16T02:35:34.555Z] [worker-api-6858c13f-e9be-48c6-b77f-1f0c8da40e37]: BUSY {"metadata":{"emulator":{"name":"functions"},"message":"[worker-api-6858c13f-e9be-48c6-b77f-1f0c8da40e37]: BUSY"}}
[debug] [2021-03-16T02:35:35.229Z] [runtime-status] [24671] Functions runtime initialized. {"cwd":"/Users/bryanroof/amazon-clone/functions","node_version":"14.15.1"} {"metadata":{"emulator":{"name":"functions"},"function":{"name":"api"},"message":"[runtime-status] [24671] Functions runtime initialized. {\"cwd\":\"/Users/bryanroof/amazon-clone/functions\",\"node_version\":\"14.15.1\"}"}}
[debug] [2021-03-16T02:35:35.230Z] [runtime-status] [24671] Disabled runtime features: undefined {"metadata":{"emulator":{"name":"functions"},"function":{"name":"api"},"message":"[runtime-status] [24671] Disabled runtime features: undefined"}}
[debug] [2021-03-16T02:35:35.234Z] [runtime-status] [24671] Resolved module firebase-admin {"declared":true,"installed":true,"version":"9.5.0","resolution":"/Users/bryanroof/amazon-clone/functions/node_modules/firebase-admin/lib/index.js"} {"metadata":{"emulator":{"name":"functions"},"function":{"name":"api"},"message":"[runtime-status] [24671] Resolved module firebase-admin {\"declared\":true,\"installed\":true,\"version\":\"9.5.0\",\"resolution\":\"/Users/bryanroof/amazon-clone/functions/node_modules/firebase-admin/lib/index.js\"}"}}
[debug] [2021-03-16T02:35:35.237Z] [runtime-status] [24671] Resolved module firebase-functions {"declared":true,"installed":true,"version":"3.13.2","resolution":"/Users/bryanroof/amazon-clone/functions/node_modules/firebase-functions/lib/index.js"} {"metadata":{"emulator":{"name":"functions"},"function":{"name":"api"},"message":"[runtime-status] [24671] Resolved module firebase-functions {\"declared\":true,\"installed\":true,\"version\":\"3.13.2\",\"resolution\":\"/Users/bryanroof/amazon-clone/functions/node_modules/firebase-functions/lib/index.js\"}"}}
[debug] [2021-03-16T02:35:35.239Z] [runtime-status] [24671] Resolved module firebase-functions {"declared":true,"installed":true,"version":"3.13.2","resolution":"/Users/bryanroof/amazon-clone/functions/node_modules/firebase-functions/lib/index.js"} {"metadata":{"emulator":{"name":"functions"},"function":{"name":"api"},"message":"[runtime-status] [24671] Resolved module firebase-functions {\"declared\":true,\"installed\":true,\"version\":\"3.13.2\",\"resolution\":\"/Users/bryanroof/amazon-clone/functions/node_modules/firebase-functions/lib/index.js\"}"}}
[debug] [2021-03-16T02:35:35.241Z] [runtime-status] [24671] Outgoing network have been stubbed. [{"name":"http","status":"mocked"},{"name":"http","status":"mocked"},{"name":"https","status":"mocked"},{"name":"https","status":"mocked"},{"name":"net","status":"mocked"}] {"metadata":{"emulator":{"name":"functions"},"function":{"name":"api"},"message":"[runtime-status] [24671] Outgoing network have been stubbed. [{\"name\":\"http\",\"status\":\"mocked\"},{\"name\":\"http\",\"status\":\"mocked\"},{\"name\":\"https\",\"status\":\"mocked\"},{\"name\":\"https\",\"status\":\"mocked\"},{\"name\":\"net\",\"status\":\"mocked\"}]"}}
[debug] [2021-03-16T02:35:35.244Z] [runtime-status] [24671] Resolved module firebase-functions {"declared":true,"installed":true,"version":"3.13.2","resolution":"/Users/bryanroof/amazon-clone/functions/node_modules/firebase-functions/lib/index.js"} {"metadata":{"emulator":{"name":"functions"},"function":{"name":"api"},"message":"[runtime-status] [24671] Resolved module firebase-functions {\"declared\":true,\"installed\":true,\"version\":\"3.13.2\",\"resolution\":\"/Users/bryanroof/amazon-clone/functions/node_modules/firebase-functions/lib/index.js\"}"}}
[debug] [2021-03-16T02:35:35.356Z] [runtime-status] [24671] Checked functions.config() {"config":{}} {"metadata":{"emulator":{"name":"functions"},"function":{"name":"api"},"message":"[runtime-status] [24671] Checked functions.config() {\"config\":{}}"}}
[debug] [2021-03-16T02:35:35.356Z] [runtime-status] [24671] firebase-functions has been stubbed. {"functionsResolution":{"declared":true,"installed":true,"version":"3.13.2","resolution":"/Users/bryanroof/amazon-clone/functions/node_modules/firebase-functions/lib/index.js"}} {"metadata":{"emulator":{"name":"functions"},"function":{"name":"api"},"message":"[runtime-status] [24671] firebase-functions has been stubbed. {\"functionsResolution\":{\"declared\":true,\"installed\":true,\"version\":\"3.13.2\",\"resolution\":\"/Users/bryanroof/amazon-clone/functions/node_modules/firebase-functions/lib/index.js\"}}"}}
[debug] [2021-03-16T02:35:35.357Z] [runtime-status] [24671] Resolved module firebase-functions {"declared":true,"installed":true,"version":"3.13.2","resolution":"/Users/bryanroof/amazon-clone/functions/node_modules/firebase-functions/lib/index.js"} {"metadata":{"emulator":{"name":"functions"},"function":{"name":"api"},"message":"[runtime-status] [24671] Resolved module firebase-functions {\"declared\":true,\"installed\":true,\"version\":\"3.13.2\",\"resolution\":\"/Users/bryanroof/amazon-clone/functions/node_modules/firebase-functions/lib/index.js\"}"}}
[debug] [2021-03-16T02:35:35.358Z] [runtime-status] [24671] Resolved module firebase-admin {"declared":true,"installed":true,"version":"9.5.0","resolution":"/Users/bryanroof/amazon-clone/functions/node_modules/firebase-admin/lib/index.js"} {"metadata":{"emulator":{"name":"functions"},"function":{"name":"api"},"message":"[runtime-status] [24671] Resolved module firebase-admin {\"declared\":true,\"installed\":true,\"version\":\"9.5.0\",\"resolution\":\"/Users/bryanroof/amazon-clone/functions/node_modules/firebase-admin/lib/index.js\"}"}}
[debug] [2021-03-16T02:35:35.359Z] [runtime-status] [24671] Resolved module firebase-functions {"declared":true,"installed":true,"version":"3.13.2","resolution":"/Users/bryanroof/amazon-clone/functions/node_modules/firebase-functions/lib/index.js"} {"metadata":{"emulator":{"name":"functions"},"function":{"name":"api"},"message":"[runtime-status] [24671] Resolved module firebase-functions {\"declared\":true,\"installed\":true,\"version\":\"3.13.2\",\"resolution\":\"/Users/bryanroof/amazon-clone/functions/node_modules/firebase-functions/lib/index.js\"}"}}
[debug] [2021-03-16T02:35:35.359Z] [runtime-status] [24671] firebase-admin has been stubbed. {"adminResolution":{"declared":true,"installed":true,"version":"9.5.0","resolution":"/Users/bryanroof/amazon-clone/functions/node_modules/firebase-admin/lib/index.js"}} {"metadata":{"emulator":{"name":"functions"},"function":{"name":"api"},"message":"[runtime-status] [24671] firebase-admin has been stubbed. {\"adminResolution\":{\"declared\":true,\"installed\":true,\"version\":\"9.5.0\",\"resolution\":\"/Users/bryanroof/amazon-clone/functions/node_modules/firebase-admin/lib/index.js\"}}"}}
[debug] [2021-03-16T02:35:35.843Z] [runtime-status] [24671] Trigger "api" has been found, beginning invocation! {"metadata":{"emulator":{"name":"functions"},"function":{"name":"api"},"message":"[runtime-status] [24671] Trigger \"api\" has been found, beginning invocation!"}}
[info] i  functions: Beginning execution of "api" {"metadata":{"emulator":{"name":"functions"},"function":{"name":"api"},"message":"Beginning execution of \"api\""}}
[debug] [2021-03-16T02:35:35.844Z] [runtime-status] [24671] triggerDefinition {"httpsTrigger":{},"name":"api","entryPoint":"api"} {"metadata":{"emulator":{"name":"functions"},"function":{"name":"api"},"message":"[runtime-status] [24671] triggerDefinition {\"httpsTrigger\":{},\"name\":\"api\",\"entryPoint\":\"api\"}"}}
[debug] [2021-03-16T02:35:35.845Z] [runtime-status] [24671] Running api in mode HTTPS {"metadata":{"emulator":{"name":"functions"},"function":{"name":"api"},"message":"[runtime-status] [24671] Running api in mode HTTPS"}}
[debug] [2021-03-16T02:35:35.851Z] [runtime-status] [24671] Attempting to listen to socketPath: /var/folders/wd/34pj6_757ms3104npx7jly3m0000gp/T/fire_emu_24671.sock {"metadata":{"emulator":{"name":"functions"},"function":{"name":"api"},"message":"[runtime-status] [24671] Attempting to listen to socketPath: /var/folders/wd/34pj6_757ms3104npx7jly3m0000gp/T/fire_emu_24671.sock"}}
[debug] [2021-03-16T02:35:35.855Z] [functions] Runtime ready! Sending request! {"metadata":{"emulator":{"name":"functions"},"message":"[functions] Runtime ready! Sending request!"}}
[debug] [2021-03-16T02:35:35.855Z] [functions] Got req.url=/clone-596ae/us-central1/api, mapping to path=/ {"metadata":{"emulator":{"name":"functions"},"message":"[functions] Got req.url=/clone-596ae/us-central1/api, mapping to path=/"}}
[debug] [2021-03-16T02:35:35.881Z] [runtime-status] [24671] Ephemeral server handling GET request {"metadata":{"emulator":{"name":"functions"},"function":{"name":"api"},"message":"[runtime-status] [24671] Ephemeral server handling GET request"}}
[debug] [2021-03-16T02:35:35.892Z] [runtime-status] [24671] Ephemeral server survived. {"metadata":{"emulator":{"name":"functions"},"function":{"name":"api"},"message":"[runtime-status] [24671] Ephemeral server survived."}}
[info] i  functions: Finished "api" in ~1s {"metadata":{"emulator":{"name":"functions"},"function":{"name":"api"},"message":"Finished \"api\" in ~1s"}}
[debug] [2021-03-16T02:35:35.893Z] [worker-api-6858c13f-e9be-48c6-b77f-1f0c8da40e37]: IDLE {"metadata":{"emulator":{"name":"functions"},"message":"[worker-api-6858c13f-e9be-48c6-b77f-1f0c8da40e37]: IDLE"}}
[debug] [2021-03-16T02:35:35.893Z] [work-queue] {"queueLength":0,"workRunningCount":0}
[debug] [2021-03-16T02:35:36.128Z] Functions emulator received unknown request at path /favicon.ico
